<?xml version="1.0" encoding="UTF-8"?>
<!-- Generated by org.testng.reporters.JUnitXMLReporter -->
<testsuite ignored="0" hostname="LL15-I56-IND" failures="0" tests="6" name="qaTest" time="23.467" errors="0" timestamp="08 Jan 2022 12:51:10 GMT">
  <testcase classname="com.demoblaze.qa.tests.Test_Login1" name="homePageTitle" time="0.032"/>
  <testcase classname="com.demoblaze.qa.tests.Test_Login2" name="homePageTitle" time="0.01"/>
  <testcase classname="com.demoblaze.qa.tests.Test_Login3" name="homePageTitle" time="0.006"/>
  <testcase classname="com.demoblaze.qa.tests.Test_Login1" name="loginTest" time="0.531"/>
  <testcase classname="com.demoblaze.qa.tests.Test_Login2" name="loginTest" time="0.502"/>
  <testcase classname="com.demoblaze.qa.tests.Test_Login3" name="loginTest" time="0.502"/>
</testsuite> <!-- qaTest -->
