<?xml version="1.0" encoding="UTF-8"?>
<testng-results ignored="0" total="2" passed="2" failed="0" skipped="0">
  <reporter-output>
  </reporter-output>
  <suite started-at="2023-01-24T04:22:53Z" name="Default suite" finished-at="2023-01-24T04:23:05Z" duration-ms="11492">
    <groups>
    </groups>
    <test started-at="2023-01-24T04:22:53Z" name="Default test" finished-at="2023-01-24T04:23:05Z" duration-ms="11492">
      <class name="com.amazon.qa.tests.LoginTest">
        <test-method is-config="true" signature="setUp()[pri:0, instance:com.amazon.qa.tests.LoginTest@2631f68c]" started-at="2023-01-24T04:22:53Z" name="setUp" finished-at="2023-01-24T04:22:59Z" duration-ms="5664" status="PASS">
          <reporter-output>
          </reporter-output>
        </test-method> <!-- setUp -->
        <test-method signature="homePageTitle()[pri:1, instance:com.amazon.qa.tests.LoginTest@2631f68c]" started-at="2023-01-24T04:22:59Z" name="homePageTitle" finished-at="2023-01-24T04:22:59Z" duration-ms="99" status="PASS">
          <reporter-output>
          </reporter-output>
        </test-method> <!-- homePageTitle -->
        <test-method is-config="true" signature="tearDown()[pri:0, instance:com.amazon.qa.tests.LoginTest@2631f68c]" started-at="2023-01-24T04:22:59Z" name="tearDown" finished-at="2023-01-24T04:22:59Z" duration-ms="312" status="PASS">
          <reporter-output>
          </reporter-output>
        </test-method> <!-- tearDown -->
        <test-method is-config="true" signature="setUp()[pri:0, instance:com.amazon.qa.tests.LoginTest@2631f68c]" started-at="2023-01-24T04:22:59Z" name="setUp" finished-at="2023-01-24T04:23:03Z" duration-ms="4099" status="PASS">
          <reporter-output>
          </reporter-output>
        </test-method> <!-- setUp -->
        <test-method signature="loginTest()[pri:2, instance:com.amazon.qa.tests.LoginTest@2631f68c]" started-at="2023-01-24T04:23:03Z" name="loginTest" finished-at="2023-01-24T04:23:04Z" duration-ms="970" status="PASS">
          <reporter-output>
          </reporter-output>
        </test-method> <!-- loginTest -->
        <test-method is-config="true" signature="tearDown()[pri:0, instance:com.amazon.qa.tests.LoginTest@2631f68c]" started-at="2023-01-24T04:23:04Z" name="tearDown" finished-at="2023-01-24T04:23:05Z" duration-ms="326" status="PASS">
          <reporter-output>
          </reporter-output>
        </test-method> <!-- tearDown -->
      </class> <!-- com.amazon.qa.tests.LoginTest -->
    </test> <!-- Default test -->
  </suite> <!-- Default suite -->
</testng-results>
